  chrono.cpp
  date_generators.cpp
D:\captain\smartai\boost_1_67_0\libs\chrono\src\chrono.cpp(14,10): error C1083:  Cannot open include file: 'boost/chrono/detail/inlined/chrono.hpp': No such file or directory
  greg_month.cpp
D:\captain\smartai\boost_1_67_0\libs\date_time\src\gregorian\date_generators.cpp(14,10): error C1083:  Cannot open include file: 'boost/date_time/date_generators.hpp': No such file or directory
  greg_weekday.cpp
D:\captain\smartai\boost_1_67_0\libs\date_time\src\gregorian\greg_month.cpp(14,10): error C1083:  Cannot open include file: 'boost/date_time/gregorian/greg_month.hpp': No such file or directory
  codecvt_error_category.cpp
D:\captain\smartai\boost_1_67_0\libs\date_time\src\gregorian\greg_weekday.cpp(14,10): error C1083:  Cannot open include file: 'boost/date_time/gregorian/greg_weekday.hpp': No such file or directory
  operations.cpp
D:\captain\smartai\boost_1_67_0\libs\filesystem\src\codecvt_error_category.cpp(12,10): error C1083:  Cannot open include file: 'boost/config/warning_disable.hpp': No such file or directory
  path.cpp
D:\captain\smartai\boost_1_67_0\libs\filesystem\src\operations.cpp(44,10): error C1083:  Cannot open include file: 'boost/filesystem/operations.hpp': No such file or directory
  path_traits.cpp
D:\captain\smartai\boost_1_67_0\libs\filesystem\src\path.cpp(12,10): error C1083:  Cannot open include file: 'boost/config.hpp': No such file or directory
  portability.cpp
D:\captain\smartai\boost_1_67_0\libs\filesystem\src\path_traits.cpp(20,10): error C1083:  Cannot open include file: 'boost/filesystem/config.hpp': No such file or directory
  unique_path.cpp
D:\captain\smartai\boost_1_67_0\libs\filesystem\src\portability.cpp(20,10): error C1083:  Cannot open include file: 'boost/filesystem/config.hpp': No such file or directory
  utf8_codecvt_facet.cpp
D:\captain\smartai\boost_1_67_0\libs\filesystem\src\unique_path.cpp(20,10): error C1083:  Cannot open include file: 'boost/filesystem/operations.hpp': No such file or directory
  windows_file_codecvt.cpp
D:\captain\smartai\boost_1_67_0\libs\filesystem\src\utf8_codecvt_facet.cpp(15,10): error C1083:  Cannot open include file: 'boost/filesystem/config.hpp': No such file or directory
  error_code.cpp
D:\captain\smartai\boost_1_67_0\libs\filesystem\src\windows_file_codecvt.cpp(20,10): error C1083:  Cannot open include file: 'boost/filesystem/config.hpp': No such file or directory
  boost_thread.cpp
D:\captain\smartai\boost_1_67_0\libs\system\src\error_code.cpp(16,10): error C1083:  Cannot open include file: 'boost/system/error_code.hpp': No such file or directory
  thread_primitives.cpp
D:\captain\smartai\boost_1_67_0\libs\thread\src\win32\boost_thread.cpp(10,10): error C1083:  Cannot open include file: 'boost/winapi/config.hpp': No such file or directory
  tss_dll.cpp
D:\captain\smartai\boost_1_67_0\libs\thread\src\win32\thread_primitives.cpp(9,10): error C1083:  Cannot open include file: 'boost/winapi/config.hpp': No such file or directory
  tss_pe.cpp
D:\captain\smartai\boost_1_67_0\libs\thread\src\win32\tss_dll.cpp(6,10): error C1083:  Cannot open include file: 'boost/winapi/config.hpp': No such file or directory
  demangle.cc
D:\captain\smartai\boost_1_67_0\libs\thread\src\win32\tss_pe.cpp(10,10): error C1083:  Cannot open include file: 'boost/winapi/config.hpp': No such file or directory
D:\captain\smartai\glog-master\port.h(123,33): error C2375:  'snprintf': redefinition; different linkage
  logging.cc
C:\Program Files (x86)\Windows Kits\10\Include\10.0.18362.0\ucrt\stdio.h(1940): message :  see declaration of 'snprintf'
D:\captain\smartai\glog-master\port.h(123,33): error C2375:  'snprintf': redefinition; different linkage
C:\Program Files (x86)\Windows Kits\10\Include\10.0.18362.0\ucrt\stdio.h(1940): message :  see declaration of 'snprintf'
D:\captain\smartai\glog-master\logging.cc(1347,5): error C2065:  'snprintf': undeclared identifier
  port.cc
D:\captain\smartai\glog-master\logging.cc(2147,5): error C2065:  'snprintf': undeclared identifier
D:\captain\smartai\glog-master\port.h(123,33): error C2375:  'snprintf': redefinition; different linkage
  Generating Code...
  Compiling...
  raw_logging.cc
C:\Program Files (x86)\Windows Kits\10\Include\10.0.18362.0\ucrt\stdio.h(1940): message :  see declaration of 'snprintf'
D:\captain\smartai\glog-master\port.h(123,33): error C2375:  'snprintf': redefinition; different linkage
  signalhandler.cc
C:\Program Files (x86)\Windows Kits\10\Include\10.0.18362.0\ucrt\stdio.h(1940): message :  see declaration of 'snprintf'
D:\captain\smartai\glog-master\port.h(123,33): error C2375:  'snprintf': redefinition; different linkage
  symbolize.cc
C:\Program Files (x86)\Windows Kits\10\Include\10.0.18362.0\ucrt\stdio.h(1940): message :  see declaration of 'snprintf'
D:\captain\smartai\glog-master\port.h(123,33): error C2375:  'snprintf': redefinition; different linkage
  utilities.cc
C:\Program Files (x86)\Windows Kits\10\Include\10.0.18362.0\ucrt\stdio.h(1940): message :  see declaration of 'snprintf'
D:\captain\smartai\glog-master\port.h(123,33): error C2375:  'snprintf': redefinition; different linkage
C:\Program Files (x86)\Windows Kits\10\Include\10.0.18362.0\ucrt\stdio.h(1940): message :  see declaration of 'snprintf'
D:\captain\smartai\glog-master\utilities.cc(110,3): error C2065:  'snprintf': undeclared identifier
  vlog_is_on.cc
D:\captain\smartai\glog-master\utilities.cc(119,3): error C2065:  'snprintf': undeclared identifier
D:\captain\smartai\glog-master\port.h(123,33): error C2375:  'snprintf': redefinition; different linkage
  address.cpp
C:\Program Files (x86)\Windows Kits\10\Include\10.0.18362.0\ucrt\stdio.h(1940): message :  see declaration of 'snprintf'
  client.cpp
D:\captain\smartai\libzmq-master\src\tcp_address.hpp(34,10): error C1083:  Cannot open include file: 'sys/socket.h': No such file or directory
  clock.cpp
D:\captain\smartai\libzmq-master\src\tcp_address.hpp(34,10): error C1083:  Cannot open include file: 'sys/socket.h': No such file or directory
  ctx.cpp
D:\captain\smartai\libzmq-master\src\tcp_address.hpp(34,10): error C1083:  Cannot open include file: 'sys/socket.h': No such file or directory
  curve_client.cpp
D:\captain\smartai\libzmq-master\src\tcp_address.hpp(34,10): error C1083:  Cannot open include file: 'sys/socket.h': No such file or directory
  curve_mechanism_base.cpp
D:\captain\smartai\libzmq-master\src\tcp_address.hpp(34,10): error C1083:  Cannot open include file: 'sys/socket.h': No such file or directory
  curve_server.cpp
D:\captain\smartai\libzmq-master\src\tcp_address.hpp(34,10): error C1083:  Cannot open include file: 'sys/socket.h': No such file or directory
  dealer.cpp
D:\captain\smartai\libzmq-master\src\tcp_address.hpp(34,10): error C1083:  Cannot open include file: 'sys/socket.h': No such file or directory
  decoder_allocators.cpp
D:\captain\smartai\libzmq-master\src\tcp_address.hpp(34,10): error C1083:  Cannot open include file: 'sys/socket.h': No such file or directory
  devpoll.cpp
D:\captain\smartai\libzmq-master\src\tcp_address.hpp(34,10): error C1083:  Cannot open include file: 'sys/socket.h': No such file or directory
  dgram.cpp
D:\captain\smartai\libzmq-master\src\tcp_address.hpp(34,10): error C1083:  Cannot open include file: 'sys/socket.h': No such file or directory
  dish.cpp
D:\captain\smartai\libzmq-master\src\tcp_address.hpp(34,10): error C1083:  Cannot open include file: 'sys/socket.h': No such file or directory
  dist.cpp
D:\captain\smartai\libzmq-master\src\tcp_address.hpp(34,10): error C1083:  Cannot open include file: 'sys/socket.h': No such file or directory
  epoll.cpp
D:\captain\smartai\libzmq-master\src\tcp_address.hpp(34,10): error C1083:  Cannot open include file: 'sys/socket.h': No such file or directory
  err.cpp
D:\captain\smartai\libzmq-master\src\tcp_address.hpp(34,10): error C1083:  Cannot open include file: 'sys/socket.h': No such file or directory
  Generating Code...
  Compiling...
  fq.cpp
D:\captain\smartai\libzmq-master\src\tcp_address.hpp(34,10): error C1083:  Cannot open include file: 'sys/socket.h': No such file or directory
  gather.cpp
D:\captain\smartai\libzmq-master\src\tcp_address.hpp(34,10): error C1083:  Cannot open include file: 'sys/socket.h': No such file or directory
  gssapi_client.cpp
D:\captain\smartai\libzmq-master\src\tcp_address.hpp(34,10): error C1083:  Cannot open include file: 'sys/socket.h': No such file or directory
  gssapi_mechanism_base.cpp
D:\captain\smartai\libzmq-master\src\tcp_address.hpp(34,10): error C1083:  Cannot open include file: 'sys/socket.h': No such file or directory
  gssapi_server.cpp
D:\captain\smartai\libzmq-master\src\tcp_address.hpp(34,10): error C1083:  Cannot open include file: 'sys/socket.h': No such file or directory
  io_object.cpp
D:\captain\smartai\libzmq-master\src\tcp_address.hpp(34,10): error C1083:  Cannot open include file: 'sys/socket.h': No such file or directory
  io_thread.cpp
D:\captain\smartai\libzmq-master\src\tcp_address.hpp(34,10): error C1083:  Cannot open include file: 'sys/socket.h': No such file or directory
  ip.cpp
D:\captain\smartai\libzmq-master\src\tcp_address.hpp(34,10): error C1083:  Cannot open include file: 'sys/socket.h': No such file or directory
  ipc_address.cpp
D:\captain\smartai\libzmq-master\src\tcp_address.hpp(34,10): error C1083:  Cannot open include file: 'sys/socket.h': No such file or directory
  ipc_connecter.cpp
D:\captain\smartai\libzmq-master\src\tcp_address.hpp(34,10): error C1083:  Cannot open include file: 'sys/socket.h': No such file or directory
  ipc_listener.cpp
D:\captain\smartai\libzmq-master\src\tcp_address.hpp(34,10): error C1083:  Cannot open include file: 'sys/socket.h': No such file or directory
  ip_resolver.cpp
D:\captain\smartai\libzmq-master\src\tcp_address.hpp(34,10): error C1083:  Cannot open include file: 'sys/socket.h': No such file or directory
  kqueue.cpp
D:\captain\smartai\libzmq-master\src\tcp_address.hpp(34,10): error C1083:  Cannot open include file: 'sys/socket.h': No such file or directory
  lb.cpp
D:\captain\smartai\libzmq-master\src\tcp_address.hpp(34,10): error C1083:  Cannot open include file: 'sys/socket.h': No such file or directory
  mailbox.cpp
D:\captain\smartai\libzmq-master\src\tcp_address.hpp(34,10): error C1083:  Cannot open include file: 'sys/socket.h': No such file or directory
  mailbox_safe.cpp
D:\captain\smartai\libzmq-master\src\tcp_address.hpp(34,10): error C1083:  Cannot open include file: 'sys/socket.h': No such file or directory
  mechanism.cpp
D:\captain\smartai\libzmq-master\src\tcp_address.hpp(34,10): error C1083:  Cannot open include file: 'sys/socket.h': No such file or directory
  mechanism_base.cpp
D:\captain\smartai\libzmq-master\src\tcp_address.hpp(34,10): error C1083:  Cannot open include file: 'sys/socket.h': No such file or directory
  metadata.cpp
D:\captain\smartai\libzmq-master\src\tcp_address.hpp(34,10): error C1083:  Cannot open include file: 'sys/socket.h': No such file or directory
  msg.cpp
D:\captain\smartai\libzmq-master\src\tcp_address.hpp(34,10): error C1083:  Cannot open include file: 'sys/socket.h': No such file or directory
  Generating Code...
  Compiling...
  mtrie.cpp
D:\captain\smartai\libzmq-master\src\tcp_address.hpp(34,10): error C1083:  Cannot open include file: 'sys/socket.h': No such file or directory
  norm_engine.cpp
D:\captain\smartai\libzmq-master\src\tcp_address.hpp(34,10): error C1083:  Cannot open include file: 'sys/socket.h': No such file or directory
  null_mechanism.cpp
D:\captain\smartai\libzmq-master\src\tcp_address.hpp(34,10): error C1083:  Cannot open include file: 'sys/socket.h': No such file or directory
  object.cpp
D:\captain\smartai\libzmq-master\src\tcp_address.hpp(34,10): error C1083:  Cannot open include file: 'sys/socket.h': No such file or directory
  options.cpp
D:\captain\smartai\libzmq-master\src\tcp_address.hpp(34,10): error C1083:  Cannot open include file: 'sys/socket.h': No such file or directory
  own.cpp
D:\captain\smartai\libzmq-master\src\tcp_address.hpp(34,10): error C1083:  Cannot open include file: 'sys/socket.h': No such file or directory
  pair.cpp
D:\captain\smartai\libzmq-master\src\tcp_address.hpp(34,10): error C1083:  Cannot open include file: 'sys/socket.h': No such file or directory
  pgm_receiver.cpp
D:\captain\smartai\libzmq-master\src\tcp_address.hpp(34,10): error C1083:  Cannot open include file: 'sys/socket.h': No such file or directory
  pgm_sender.cpp
D:\captain\smartai\libzmq-master\src\tcp_address.hpp(34,10): error C1083:  Cannot open include file: 'sys/socket.h': No such file or directory
  pgm_socket.cpp
D:\captain\smartai\libzmq-master\src\tcp_address.hpp(34,10): error C1083:  Cannot open include file: 'sys/socket.h': No such file or directory
  pipe.cpp
D:\captain\smartai\libzmq-master\src\tcp_address.hpp(34,10): error C1083:  Cannot open include file: 'sys/socket.h': No such file or directory
  plain_client.cpp
D:\captain\smartai\libzmq-master\src\tcp_address.hpp(34,10): error C1083:  Cannot open include file: 'sys/socket.h': No such file or directory
  plain_server.cpp
D:\captain\smartai\libzmq-master\src\tcp_address.hpp(34,10): error C1083:  Cannot open include file: 'sys/socket.h': No such file or directory
  poll.cpp
D:\captain\smartai\libzmq-master\src\tcp_address.hpp(34,10): error C1083:  Cannot open include file: 'sys/socket.h': No such file or directory
  poller_base.cpp
D:\captain\smartai\libzmq-master\src\tcp_address.hpp(34,10): error C1083:  Cannot open include file: 'sys/socket.h': No such file or directory
  polling_util.cpp
D:\captain\smartai\libzmq-master\src\tcp_address.hpp(34,10): error C1083:  Cannot open include file: 'sys/socket.h': No such file or directory
  pollset.cpp
D:\captain\smartai\libzmq-master\src\tcp_address.hpp(34,10): error C1083:  Cannot open include file: 'sys/socket.h': No such file or directory
  precompiled.cpp
D:\captain\smartai\libzmq-master\src\tcp_address.hpp(34,10): error C1083:  Cannot open include file: 'sys/socket.h': No such file or directory
  proxy.cpp
D:\captain\smartai\libzmq-master\src\tcp_address.hpp(34,10): error C1083:  Cannot open include file: 'sys/socket.h': No such file or directory
  pub.cpp
D:\captain\smartai\libzmq-master\src\tcp_address.hpp(34,10): error C1083:  Cannot open include file: 'sys/socket.h': No such file or directory
  Generating Code...
  Compiling...
  pull.cpp
D:\captain\smartai\libzmq-master\src\tcp_address.hpp(34,10): error C1083:  Cannot open include file: 'sys/socket.h': No such file or directory
  push.cpp
D:\captain\smartai\libzmq-master\src\tcp_address.hpp(34,10): error C1083:  Cannot open include file: 'sys/socket.h': No such file or directory
  radio.cpp
D:\captain\smartai\libzmq-master\src\tcp_address.hpp(34,10): error C1083:  Cannot open include file: 'sys/socket.h': No such file or directory
  radix_tree.cpp
D:\captain\smartai\libzmq-master\src\tcp_address.hpp(34,10): error C1083:  Cannot open include file: 'sys/socket.h': No such file or directory
  random.cpp
D:\captain\smartai\libzmq-master\src\tcp_address.hpp(34,10): error C1083:  Cannot open include file: 'sys/socket.h': No such file or directory
  raw_decoder.cpp
D:\captain\smartai\libzmq-master\src\tcp_address.hpp(34,10): error C1083:  Cannot open include file: 'sys/socket.h': No such file or directory
  raw_encoder.cpp
D:\captain\smartai\libzmq-master\src\tcp_address.hpp(34,10): error C1083:  Cannot open include file: 'sys/socket.h': No such file or directory
  reaper.cpp
D:\captain\smartai\libzmq-master\src\tcp_address.hpp(34,10): error C1083:  Cannot open include file: 'sys/socket.h': No such file or directory
  rep.cpp
D:\captain\smartai\libzmq-master\src\tcp_address.hpp(34,10): error C1083:  Cannot open include file: 'sys/socket.h': No such file or directory
  req.cpp
D:\captain\smartai\libzmq-master\src\tcp_address.hpp(34,10): error C1083:  Cannot open include file: 'sys/socket.h': No such file or directory
  router.cpp
D:\captain\smartai\libzmq-master\src\tcp_address.hpp(34,10): error C1083:  Cannot open include file: 'sys/socket.h': No such file or directory
  scatter.cpp
D:\captain\smartai\libzmq-master\src\tcp_address.hpp(34,10): error C1083:  Cannot open include file: 'sys/socket.h': No such file or directory
  select.cpp
D:\captain\smartai\libzmq-master\src\tcp_address.hpp(34,10): error C1083:  Cannot open include file: 'sys/socket.h': No such file or directory
  server.cpp
D:\captain\smartai\libzmq-master\src\tcp_address.hpp(34,10): error C1083:  Cannot open include file: 'sys/socket.h': No such file or directory
  session_base.cpp
D:\captain\smartai\libzmq-master\src\tcp_address.hpp(34,10): error C1083:  Cannot open include file: 'sys/socket.h': No such file or directory
  signaler.cpp
D:\captain\smartai\libzmq-master\src\tcp_address.hpp(34,10): error C1083:  Cannot open include file: 'sys/socket.h': No such file or directory
  socket_base.cpp
D:\captain\smartai\libzmq-master\src\tcp_address.hpp(34,10): error C1083:  Cannot open include file: 'sys/socket.h': No such file or directory
  socket_poller.cpp
D:\captain\smartai\libzmq-master\src\tcp_address.hpp(34,10): error C1083:  Cannot open include file: 'sys/socket.h': No such file or directory
  socks.cpp
D:\captain\smartai\libzmq-master\src\tcp_address.hpp(34,10): error C1083:  Cannot open include file: 'sys/socket.h': No such file or directory
  socks_connecter.cpp
D:\captain\smartai\libzmq-master\src\tcp_address.hpp(34,10): error C1083:  Cannot open include file: 'sys/socket.h': No such file or directory
  Generating Code...
  Compiling...
  stream.cpp
D:\captain\smartai\libzmq-master\src\tcp_address.hpp(34,10): error C1083:  Cannot open include file: 'sys/socket.h': No such file or directory
  stream_engine.cpp
D:\captain\smartai\libzmq-master\src\tcp_address.hpp(34,10): error C1083:  Cannot open include file: 'sys/socket.h': No such file or directory
  sub.cpp
D:\captain\smartai\libzmq-master\src\tcp_address.hpp(34,10): error C1083:  Cannot open include file: 'sys/socket.h': No such file or directory
  tcp.cpp
D:\captain\smartai\libzmq-master\src\tcp_address.hpp(34,10): error C1083:  Cannot open include file: 'sys/socket.h': No such file or directory
  tcp_address.cpp
D:\captain\smartai\libzmq-master\src\tcp_address.hpp(34,10): error C1083:  Cannot open include file: 'sys/socket.h': No such file or directory
  tcp_connecter.cpp
D:\captain\smartai\libzmq-master\src\tcp_address.hpp(34,10): error C1083:  Cannot open include file: 'sys/socket.h': No such file or directory
  tcp_listener.cpp
D:\captain\smartai\libzmq-master\src\tcp_address.hpp(34,10): error C1083:  Cannot open include file: 'sys/socket.h': No such file or directory
  thread.cpp
D:\captain\smartai\libzmq-master\src\tcp_address.hpp(34,10): error C1083:  Cannot open include file: 'sys/socket.h': No such file or directory
  timers.cpp
D:\captain\smartai\libzmq-master\src\tcp_address.hpp(34,10): error C1083:  Cannot open include file: 'sys/socket.h': No such file or directory
  tipc_address.cpp
D:\captain\smartai\libzmq-master\src\tcp_address.hpp(34,10): error C1083:  Cannot open include file: 'sys/socket.h': No such file or directory
  tipc_connecter.cpp
D:\captain\smartai\libzmq-master\src\tcp_address.hpp(34,10): error C1083:  Cannot open include file: 'sys/socket.h': No such file or directory
  tipc_listener.cpp
D:\captain\smartai\libzmq-master\src\tcp_address.hpp(34,10): error C1083:  Cannot open include file: 'sys/socket.h': No such file or directory
  trie.cpp
D:\captain\smartai\libzmq-master\src\tcp_address.hpp(34,10): error C1083:  Cannot open include file: 'sys/socket.h': No such file or directory
  udp_address.cpp
D:\captain\smartai\libzmq-master\src\tcp_address.hpp(34,10): error C1083:  Cannot open include file: 'sys/socket.h': No such file or directory
  udp_engine.cpp
D:\captain\smartai\libzmq-master\src\tcp_address.hpp(34,10): error C1083:  Cannot open include file: 'sys/socket.h': No such file or directory
  v1_decoder.cpp
D:\captain\smartai\libzmq-master\src\tcp_address.hpp(34,10): error C1083:  Cannot open include file: 'sys/socket.h': No such file or directory
  v1_encoder.cpp
D:\captain\smartai\libzmq-master\src\tcp_address.hpp(34,10): error C1083:  Cannot open include file: 'sys/socket.h': No such file or directory
  v2_decoder.cpp
D:\captain\smartai\libzmq-master\src\tcp_address.hpp(34,10): error C1083:  Cannot open include file: 'sys/socket.h': No such file or directory
  v2_encoder.cpp
D:\captain\smartai\libzmq-master\src\tcp_address.hpp(34,10): error C1083:  Cannot open include file: 'sys/socket.h': No such file or directory
  vmci.cpp
D:\captain\smartai\libzmq-master\src\tcp_address.hpp(34,10): error C1083:  Cannot open include file: 'sys/socket.h': No such file or directory
  Generating Code...
  Compiling...
  vmci_address.cpp
D:\captain\smartai\libzmq-master\src\tcp_address.hpp(34,10): error C1083:  Cannot open include file: 'sys/socket.h': No such file or directory
  vmci_connecter.cpp
D:\captain\smartai\libzmq-master\src\tcp_address.hpp(34,10): error C1083:  Cannot open include file: 'sys/socket.h': No such file or directory
  vmci_listener.cpp
D:\captain\smartai\libzmq-master\src\tcp_address.hpp(34,10): error C1083:  Cannot open include file: 'sys/socket.h': No such file or directory
  xpub.cpp
D:\captain\smartai\libzmq-master\src\tcp_address.hpp(34,10): error C1083:  Cannot open include file: 'sys/socket.h': No such file or directory
  xsub.cpp
D:\captain\smartai\libzmq-master\src\tcp_address.hpp(34,10): error C1083:  Cannot open include file: 'sys/socket.h': No such file or directory
  zap_client.cpp
D:\captain\smartai\libzmq-master\src\tcp_address.hpp(34,10): error C1083:  Cannot open include file: 'sys/socket.h': No such file or directory
  zmq.cpp
D:\captain\smartai\libzmq-master\src\tcp_address.hpp(34,10): error C1083:  Cannot open include file: 'sys/socket.h': No such file or directory
  zmq_utils.cpp
D:\captain\smartai\libzmq-master\src\tcp_address.hpp(34,10): error C1083:  Cannot open include file: 'sys/socket.h': No such file or directory
  CVAlgo.cpp
D:\captain\smartai\libzmq-master\src\tcp_address.hpp(34,10): error C1083:  Cannot open include file: 'sys/socket.h': No such file or directory
  CVAlgoFace.cpp
D:\captain\smartai\source\Arithmetic\CVAlgo.cpp(1,10): error C1083:  Cannot open include file: 'DefGlobalVar.h': No such file or directory
  CVAlgoFight.cpp
D:\captain\smartai\source\Arithmetic\CVAlgoFace.cpp(3,10): error C1083:  Cannot open include file: 'boost/algorithm/string.hpp': No such file or directory
  CVAlgoHelmet.cpp
D:\captain\smartai\source\Arithmetic\CVAlgoFight.cpp(1,10): error C1083:  Cannot open include file: 'boost/format.hpp': No such file or directory
  CVAlgoPhone.cpp
D:\captain\smartai\source\Arithmetic\CVAlgoHelmet.cpp(1,10): error C1083:  Cannot open include file: 'boost/format.hpp': No such file or directory
  CVAlgoSleep.cpp
D:\captain\smartai\source\Arithmetic\CVAlgoPhone.cpp(1,10): error C1083:  Cannot open include file: 'boost/format.hpp': No such file or directory
  Device.cpp
D:\captain\smartai\source\Arithmetic\CVAlgoSleep.cpp(1,10): error C1083:  Cannot open include file: 'boost/format.hpp': No such file or directory
  HikvisionDevice.cpp
D:\captain\smartai\source\Device\Device.cpp(1,10): error C1083:  Cannot open include file: 'Device/Device.h': No such file or directory
  HikvisionNVR.cpp
D:\captain\smartai\source\Device\Hikvision\HikvisionDevice.cpp(1,10): error C1083:  Cannot open include file: 'HCNetSDK.h': No such file or directory
  ComPort.cpp
D:\captain\smartai\source\Device\Hikvision\HikvisionNVR.cpp(1,10): error C1083:  Cannot open include file: 'HCNetSDK.h': No such file or directory
  Cpu.cpp
D:\captain\smartai\source\File\Com\ComPort.cpp(1,10): error C1083:  Cannot open include file: 'boost/bind.hpp': No such file or directory
  MediaDecoder.cpp
D:\captain\smartai\source\Hardware\Cpu.cpp(5,10): error C1083:  Cannot open include file: 'sys/sysinfo.h': No such file or directory
  Generating Code...
  Compiling...
  MediaMixerDecoder.cpp
D:\captain\smartai\source\MediaDecoder\MediaDecoder.cpp(1,10): error C1083:  Cannot open include file: 'error.h': No such file or directory
  HikvisionSDKDecoder.cpp
D:\captain\smartai\source\MediaDecoder\MediaMixerDecoder.cpp(1,10): error C1083:  Cannot open include file: 'MediaDecoder/MediaMixerDecoder.h': No such file or directory
  YV12ToJPEG.cpp
D:\captain\smartai\source\MediaDecoder\SDK\HikvisionSDKDecoder.cpp(1,10): error C1083:  Cannot open include file: 'error.h': No such file or directory
  MediaEncoder.cpp
D:\captain\smartai\source\MediaEncoder\FFmpeg\YV12ToJPEG.cpp(3,10): error C1083:  Cannot open include file: 'libavutil/imgutils.h': No such file or directory
  YV12ToBGR24.cpp
D:\captain\smartai\source\MediaEncoder\MediaEncoder.cpp(1,10): error C1083:  Cannot open include file: 'error.h': No such file or directory
  FrameScaler.cpp
D:\captain\smartai\source\MediaScaler\FFmpeg\YV12ToBGR24.cpp(3,10): error C1083:  Cannot open include file: 'libavutil/imgutils.h': No such file or directory
  MQConnector.cpp
D:\captain\smartai\source\MediaScaler\FrameScaler.cpp(1,10): error C1083:  Cannot open include file: 'error.h': No such file or directory
  MQContext.cpp
D:\captain\smartai\source\MessageQueue\MQConnector.cpp(1,10): error C1083:  Cannot open include file: 'zmq.h': No such file or directory
  MQListener.cpp
D:\captain\smartai\source\MessageQueue\MQContext.cpp(1,10): error C1083:  Cannot open include file: 'zmq.h': No such file or directory
  MQReceiver.cpp
D:\captain\smartai\source\MessageQueue\MQListener.cpp(1,10): error C1083:  Cannot open include file: 'zmq.h': No such file or directory
  MQSender.cpp
D:\captain\smartai\source\MessageQueue\MQReceiver.cpp(1,10): error C1083:  Cannot open include file: 'zmq.h': No such file or directory
  MQThread.cpp
D:\captain\smartai\source\MessageQueue\MQSender.cpp(1,10): error C1083:  Cannot open include file: 'zmq.h': No such file or directory
  MQTransfer.cpp
D:\captain\smartai\source\MessageQueue\MQThread.cpp(1,10): error C1083:  Cannot open include file: 'zmq.h': No such file or directory
  MQModel.cpp
D:\captain\smartai\source\MessageQueue\MQTransfer.cpp(1,10): error C1083:  Cannot open include file: 'zmq.h': No such file or directory
  PublisherModel.cpp
D:\captain\smartai\source\MQModel\MQModel.cpp(1,10): error C1083:  Cannot open include file: 'MessageQueue/MQContext.h': No such file or directory
  TransferModel.cpp
D:\captain\smartai\source\MQModel\Publisher\PublisherModel.cpp(1,10): error C1083:  Cannot open include file: 'boost/format.hpp': No such file or directory
  WorkerModel.cpp
D:\captain\smartai\source\MQModel\Transfer\TransferModel.cpp(1,10): error C1083:  Cannot open include file: 'boost/format.hpp': No such file or directory
  AVStream.cpp
D:\captain\smartai\source\MQModel\Worker\WorkerModel.cpp(1,10): error C1083:  Cannot open include file: 'zmq.h': No such file or directory
  HikvisionLivestream.cpp
D:\captain\smartai\source\Stream\AVStream.cpp(1,10): error C1083:  Cannot open include file: 'Stream/AVStream.h': No such file or directory
  Livestream.cpp
D:\captain\smartai\source\Stream\Hikvision\HikvisionLivestream.cpp(1,10): error C1083:  Cannot open include file: 'HCNetSDK.h': No such file or directory
  Generating Code...
  Compiling...
  Time.cpp
D:\captain\smartai\source\Stream\Livestream.cpp(1,10): error C1083:  Cannot open include file: 'Stream/Livestream.h': No such file or directory
  AlarmMessage.cpp
D:\captain\smartai\source\Time\Time.cpp(1,10): error C1083:  Cannot open include file: 'boost/date_time/posix_time/posix_time.hpp': No such file or directory
  AsynchronousServer.cpp
D:\captain\smartai\devicehost\AlarmMessage.cpp(3,9): error C1083:  Cannot open include file: 'error.h': No such file or directory
  devicehost.cpp
D:\captain\smartai\devicehost\AsynchronousServer.cpp(2,10): error C1083:  Cannot open include file: 'boost/bind.hpp': No such file or directory
  DigitCameraLivestream.cpp
D:\captain\smartai\devicehost\devicehost.cpp(5,10): error C1083:  Cannot open include file: 'boost/algorithm/string.hpp': No such file or directory
  Hikvision7xxxNVR.cpp
D:\captain\smartai\devicehost\DigitCameraLivestream.cpp(1,10): error C1083:  Cannot open include file: 'boost/bind.hpp': No such file or directory
  Generating Code...
D:\captain\smartai\devicehost\Hikvision7xxxNVR.cpp(1,9): error C1083:  Cannot open include file: 'error.h': No such file or directory
