  chrono.cpp
  date_generators.cpp
  gregorian_types.cpp
  greg_month.cpp
  greg_weekday.cpp
  posix_time_types.cpp
  codecvt_error_category.cpp
  operations.cpp
  path.cpp
  path_traits.cpp
  portability.cpp
  unique_path.cpp
  utf8_codecvt_facet.cpp
  windows_file_codecvt.cpp
D:\smartai\boost_1_67_0\libs\filesystem\src\unique_path.cpp(114,81): warning C4267: “参数”: 从“size_t”转换到“DWORD”，可能丢失数据
D:\smartai\boost_1_67_0\libs\filesystem\src\windows_file_codecvt.cpp(43,35): warning C4244: “参数”: 从“__int64”转换到“int”，可能丢失数据
D:\smartai\boost_1_67_0\libs\filesystem\src\windows_file_codecvt.cpp(43,16): warning C4244: “参数”: 从“__int64”转换到“int”，可能丢失数据
D:\smartai\boost_1_67_0\libs\filesystem\src\windows_file_codecvt.cpp(63,35): warning C4244: “参数”: 从“__int64”转换到“int”，可能丢失数据
  error_code.cpp
  boost_thread.cpp
  thread_primitives.cpp
  tss_dll.cpp
  tss_pe.cpp
  demangle.cc
  正在生成代码...
  正在编译...
  logging.cc
  port.cc
  raw_logging.cc
  signalhandler.cc
  symbolize.cc
  utilities.cc
  vlog_is_on.cc
  address.cpp
  client.cpp
  clock.cpp
  ctx.cpp
  curve_client.cpp
  curve_mechanism_base.cpp
  curve_server.cpp
  dealer.cpp
  decoder_allocators.cpp
  devpoll.cpp
  dgram.cpp
  dish.cpp
  dist.cpp
  正在生成代码...
  正在编译...
  epoll.cpp
  err.cpp
  fq.cpp
  gather.cpp
  gssapi_client.cpp
  gssapi_mechanism_base.cpp
  gssapi_server.cpp
  io_object.cpp
  io_thread.cpp
  ip.cpp
  ipc_address.cpp
  ipc_connecter.cpp
  ipc_listener.cpp
  ip_resolver.cpp
  kqueue.cpp
  lb.cpp
  mailbox.cpp
  mailbox_safe.cpp
  mechanism.cpp
  mechanism_base.cpp
  正在生成代码...
  正在编译...
  metadata.cpp
  msg.cpp
  mtrie.cpp
  norm_engine.cpp
  null_mechanism.cpp
  object.cpp
  options.cpp
  own.cpp
  pair.cpp
  pgm_receiver.cpp
  pgm_sender.cpp
  pgm_socket.cpp
  pipe.cpp
  plain_client.cpp
  plain_server.cpp
  poll.cpp
  poller_base.cpp
  polling_util.cpp
  pollset.cpp
  precompiled.cpp
  正在生成代码...
  正在编译...
  proxy.cpp
  pub.cpp
  pull.cpp
  push.cpp
  radio.cpp
  radix_tree.cpp
  random.cpp
  raw_decoder.cpp
  raw_encoder.cpp
  reaper.cpp
  rep.cpp
  req.cpp
  router.cpp
  scatter.cpp
  select.cpp
  server.cpp
  session_base.cpp
  signaler.cpp
  socket_base.cpp
  socket_poller.cpp
  正在生成代码...
  正在编译...
  socks.cpp
  socks_connecter.cpp
  stream.cpp
  stream_engine.cpp
  sub.cpp
  tcp.cpp
  tcp_address.cpp
  tcp_connecter.cpp
  tcp_listener.cpp
  thread.cpp
  timers.cpp
  tipc_address.cpp
  tipc_connecter.cpp
  tipc_listener.cpp
  trie.cpp
  udp_address.cpp
  udp_engine.cpp
  v1_decoder.cpp
  v1_encoder.cpp
  v2_decoder.cpp
  正在生成代码...
  正在编译...
  v2_encoder.cpp
  vmci.cpp
  vmci_address.cpp
  vmci_connecter.cpp
  vmci_listener.cpp
  xpub.cpp
  xsub.cpp
  zap_client.cpp
  zmq.cpp
  zmq_utils.cpp
  CVAlgo.cpp
D:\smartai\boost_1_67_0\libs\filesystem\src\windows_file_codecvt.cpp(63,16): warning C4244: “参数”: 从“__int64”转换到“int”，可能丢失数据
D:\smartai\include\predef.h(27,1): warning C4005: “CALLBACK”: 宏重定义
  CVAlgoFace.cpp
C:\Program Files (x86)\Windows Kits\10\Include\10.0.18362.0\shared\minwindef.h(127): message : 参见“CALLBACK”的前一个定义
D:\smartai\include\predef.h(27,1): warning C4005: “CALLBACK”: 宏重定义
C:\Program Files (x86)\Windows Kits\10\Include\10.0.18362.0\shared\minwindef.h(127): message : 参见“CALLBACK”的前一个定义
D:\smartai\source\Arithmetic\CVAlgoFace.cpp(141,21): error C2039: “queue”: 不是“NS_stream_1::Livestream”的成员
  CVAlgoFight.cpp
D:\smartai\include\Stream\Livestream.h(21): message : 参见“NS_stream_1::Livestream”的声明
D:\smartai\include\predef.h(27,1): warning C4005: “CALLBACK”: 宏重定义
C:\Program Files (x86)\Windows Kits\10\Include\10.0.18362.0\shared\minwindef.h(127): message : 参见“CALLBACK”的前一个定义
D:\smartai\source\Arithmetic\CVAlgoFight.cpp(47,21): error C2039: “queue”: 不是“NS_stream_1::Livestream”的成员
  CVAlgoHelmet.cpp
D:\smartai\include\Stream\Livestream.h(21): message : 参见“NS_stream_1::Livestream”的声明
D:\smartai\include\predef.h(27,1): warning C4005: “CALLBACK”: 宏重定义
C:\Program Files (x86)\Windows Kits\10\Include\10.0.18362.0\shared\minwindef.h(127): message : 参见“CALLBACK”的前一个定义
D:\smartai\source\Arithmetic\CVAlgoHelmet.cpp(60,22): error C2039: “queue”: 不是“NS_stream_1::Livestream”的成员
  CVAlgoPhone.cpp
D:\smartai\include\Stream\Livestream.h(21): message : 参见“NS_stream_1::Livestream”的声明
D:\smartai\include\predef.h(27,1): warning C4005: “CALLBACK”: 宏重定义
C:\Program Files (x86)\Windows Kits\10\Include\10.0.18362.0\shared\minwindef.h(127): message : 参见“CALLBACK”的前一个定义
D:\smartai\source\Arithmetic\CVAlgoPhone.cpp(47,21): error C2039: “queue”: 不是“NS_stream_1::Livestream”的成员
  CVAlgoSleep.cpp
D:\smartai\include\Stream\Livestream.h(21): message : 参见“NS_stream_1::Livestream”的声明
D:\smartai\include\predef.h(27,1): warning C4005: “CALLBACK”: 宏重定义
C:\Program Files (x86)\Windows Kits\10\Include\10.0.18362.0\shared\minwindef.h(127): message : 参见“CALLBACK”的前一个定义
D:\smartai\source\Arithmetic\CVAlgoSleep.cpp(48,21): error C2039: “queue”: 不是“NS_stream_1::Livestream”的成员
  Camera.cpp
D:\smartai\include\Stream\Livestream.h(21): message : 参见“NS_stream_1::Livestream”的声明
D:\smartai\include\predef.h(27,1): warning C4005: “CALLBACK”: 宏重定义
D:\smartai\include\predef.h(22): message : 参见“CALLBACK”的前一个定义
D:\smartai\source\Camera\Camera.cpp(6,86): error C2572: “NS_device_1::Camera::Camera”: 重定义默认参数 : 参数 1
  Device.cpp
D:\smartai\include\Camera\Camera.h(24): message : 参见“NS_device_1::Camera::Camera”的声明
D:\smartai\include\predef.h(27,1): warning C4005: “CALLBACK”: 宏重定义
  HikvisionDevice.cpp
D:\smartai\include\predef.h(22): message : 参见“CALLBACK”的前一个定义
D:\smartai\include\predef.h(27,1): warning C4005: “CALLBACK”: 宏重定义
  HikvisionNVR.cpp
C:\Program Files (x86)\Windows Kits\10\Include\10.0.18362.0\shared\minwindef.h(127): message : 参见“CALLBACK”的前一个定义
D:\smartai\include\predef.h(27,1): warning C4005: “CALLBACK”: 宏重定义
  正在生成代码...
  正在编译...
  ComPort.cpp
C:\Program Files (x86)\Windows Kits\10\Include\10.0.18362.0\shared\minwindef.h(127): message : 参见“CALLBACK”的前一个定义
C:\Program Files (x86)\Windows Kits\10\Include\10.0.18362.0\shared\minwindef.h(127): message : Please define _WIN32_WINNT or _WIN32_WINDOWS appropriately. For example:
C:\Program Files (x86)\Windows Kits\10\Include\10.0.18362.0\shared\minwindef.h(127): message : - add -D_WIN32_WINNT=0x0501 to the compiler command line; or
C:\Program Files (x86)\Windows Kits\10\Include\10.0.18362.0\shared\minwindef.h(127): message : - add _WIN32_WINNT=0x0501 to your project's Preprocessor Definitions.
C:\Program Files (x86)\Windows Kits\10\Include\10.0.18362.0\shared\minwindef.h(127): message : Assuming _WIN32_WINNT=0x0501 (i.e. Windows XP target).
D:\smartai\include\predef.h(27,1): warning C4005: “CALLBACK”: 宏重定义
C:\Program Files (x86)\Windows Kits\10\Include\10.0.18362.0\shared\minwindef.h(127): message : 参见“CALLBACK”的前一个定义
D:\smartai\boost_1_67_0\boost\bind\bind.hpp(463,1): warning C4267: “参数”: 从“size_t”转换到“A3”，可能丢失数据
D:\smartai\boost_1_67_0\boost\bind\bind.hpp(463,1): warning C4267:         with
D:\smartai\boost_1_67_0\boost\bind\bind.hpp(463,1): warning C4267:         [
D:\smartai\boost_1_67_0\boost\bind\bind.hpp(463,1): warning C4267:             A3=int
D:\smartai\boost_1_67_0\boost\bind\bind.hpp(463,1): warning C4267:         ]
D:\smartai\boost_1_67_0\boost\bind\bind.hpp(1318): message : 查看对正在编译的函数 模板 实例化“void boost::_bi::list4<boost::_bi::value<T>,boost::arg<1>,boost::_bi::value<char*>,boost::arg<2>>::operator ()<F,boost::_bi::rrlist2<A1,A2>>(boost::_bi::type<void>,F &,A &,int)”的引用
D:\smartai\boost_1_67_0\boost\bind\bind.hpp(1318): message :         with
D:\smartai\boost_1_67_0\boost\bind\bind.hpp(1318): message :         [
D:\smartai\boost_1_67_0\boost\bind\bind.hpp(1318): message :             T=NS_com_1::ComPort *,
D:\smartai\boost_1_67_0\boost\bind\bind.hpp(1318): message :             F=boost::_mfi::mf3<void,NS_com_1::ComPort,boost::system::error_code,const char *,int>,
D:\smartai\boost_1_67_0\boost\bind\bind.hpp(1318): message :             A1=const boost::system::error_code &,
D:\smartai\boost_1_67_0\boost\bind\bind.hpp(1318): message :             A2=const size_t &,
D:\smartai\boost_1_67_0\boost\bind\bind.hpp(1318): message :             A=boost::_bi::rrlist2<const boost::system::error_code &,const unsigned __int64 &>
D:\smartai\boost_1_67_0\boost\bind\bind.hpp(1318): message :         ]
D:\smartai\boost_1_67_0\boost\bind\bind.hpp(1318): message : 查看对正在编译的函数 模板 实例化“void boost::_bi::list4<boost::_bi::value<T>,boost::arg<1>,boost::_bi::value<char*>,boost::arg<2>>::operator ()<F,boost::_bi::rrlist2<A1,A2>>(boost::_bi::type<void>,F &,A &,int)”的引用
D:\smartai\boost_1_67_0\boost\bind\bind.hpp(1318): message :         with
D:\smartai\boost_1_67_0\boost\bind\bind.hpp(1318): message :         [
D:\smartai\boost_1_67_0\boost\bind\bind.hpp(1318): message :             T=NS_com_1::ComPort *,
D:\smartai\boost_1_67_0\boost\bind\bind.hpp(1318): message :             F=boost::_mfi::mf3<void,NS_com_1::ComPort,boost::system::error_code,const char *,int>,
D:\smartai\boost_1_67_0\boost\bind\bind.hpp(1318): message :             A1=const boost::system::error_code &,
D:\smartai\boost_1_67_0\boost\bind\bind.hpp(1318): message :             A2=const size_t &,
D:\smartai\boost_1_67_0\boost\bind\bind.hpp(1318): message :             A=boost::_bi::rrlist2<const boost::system::error_code &,const unsigned __int64 &>
D:\smartai\boost_1_67_0\boost\bind\bind.hpp(1318): message :         ]
D:\smartai\boost_1_67_0\boost\asio\detail\bind_handler.hpp(165): message : 查看对正在编译的函数 模板 实例化“void boost::_bi::bind_t<void,boost::_mfi::mf3<void,NS_com_1::ComPort,boost::system::error_code,const char *,int>,boost::_bi::list4<boost::_bi::value<T>,boost::arg<1>,boost::_bi::value<char*>,boost::arg<2>>>::operator ()<Arg1&,Arg2&>(A1,A2)”的引用
D:\smartai\boost_1_67_0\boost\asio\detail\bind_handler.hpp(165): message :         with
D:\smartai\boost_1_67_0\boost\asio\detail\bind_handler.hpp(165): message :         [
D:\smartai\boost_1_67_0\boost\asio\detail\bind_handler.hpp(165): message :             T=NS_com_1::ComPort *,
D:\smartai\boost_1_67_0\boost\asio\detail\bind_handler.hpp(165): message :             Arg1=const boost::system::error_code,
D:\smartai\boost_1_67_0\boost\asio\detail\bind_handler.hpp(165): message :             Arg2=const size_t,
D:\smartai\boost_1_67_0\boost\asio\detail\bind_handler.hpp(165): message :             A1=const boost::system::error_code &,
D:\smartai\boost_1_67_0\boost\asio\detail\bind_handler.hpp(165): message :             A2=const size_t &
D:\smartai\boost_1_67_0\boost\asio\detail\bind_handler.hpp(165): message :         ]
D:\smartai\boost_1_67_0\boost\asio\detail\bind_handler.hpp(164): message : 查看对正在编译的函数 模板 实例化“void boost::_bi::bind_t<void,boost::_mfi::mf3<void,NS_com_1::ComPort,boost::system::error_code,const char *,int>,boost::_bi::list4<boost::_bi::value<T>,boost::arg<1>,boost::_bi::value<char*>,boost::arg<2>>>::operator ()<Arg1&,Arg2&>(A1,A2)”的引用
D:\smartai\boost_1_67_0\boost\asio\detail\bind_handler.hpp(164): message :         with
D:\smartai\boost_1_67_0\boost\asio\detail\bind_handler.hpp(164): message :         [
D:\smartai\boost_1_67_0\boost\asio\detail\bind_handler.hpp(164): message :             T=NS_com_1::ComPort *,
D:\smartai\boost_1_67_0\boost\asio\detail\bind_handler.hpp(164): message :             Arg1=const boost::system::error_code,
D:\smartai\boost_1_67_0\boost\asio\detail\bind_handler.hpp(164): message :             Arg2=const size_t,
D:\smartai\boost_1_67_0\boost\asio\detail\bind_handler.hpp(164): message :             A1=const boost::system::error_code &,
D:\smartai\boost_1_67_0\boost\asio\detail\bind_handler.hpp(164): message :             A2=const size_t &
D:\smartai\boost_1_67_0\boost\asio\detail\bind_handler.hpp(164): message :         ]
D:\smartai\boost_1_67_0\boost\asio\detail\bind_handler.hpp(163): message : 在编译 类 模板 成员函数“void boost::asio::detail::binder2<Handler,boost::system::error_code,size_t>::operator ()(void)”时
D:\smartai\boost_1_67_0\boost\asio\detail\bind_handler.hpp(163): message :         with
D:\smartai\boost_1_67_0\boost\asio\detail\bind_handler.hpp(163): message :         [
D:\smartai\boost_1_67_0\boost\asio\detail\bind_handler.hpp(163): message :             Handler=boost::_bi::bind_t<void,boost::_mfi::mf3<void,NS_com_1::ComPort,boost::system::error_code,const char *,int>,boost::_bi::list4<boost::_bi::value<NS_com_1::ComPort *>,boost::arg<1>,boost::_bi::value<char *>,boost::arg<2>>>
D:\smartai\boost_1_67_0\boost\asio\detail\bind_handler.hpp(163): message :         ]
D:\smartai\boost_1_67_0\boost\asio\handler_invoke_hook.hpp(69): message : 查看对正在编译的函数 模板 实例化“void boost::asio::detail::binder2<Handler,boost::system::error_code,size_t>::operator ()(void)”的引用
D:\smartai\boost_1_67_0\boost\asio\handler_invoke_hook.hpp(69): message :         with
D:\smartai\boost_1_67_0\boost\asio\handler_invoke_hook.hpp(69): message :         [
D:\smartai\boost_1_67_0\boost\asio\handler_invoke_hook.hpp(69): message :             Handler=boost::_bi::bind_t<void,boost::_mfi::mf3<void,NS_com_1::ComPort,boost::system::error_code,const char *,int>,boost::_bi::list4<boost::_bi::value<NS_com_1::ComPort *>,boost::arg<1>,boost::_bi::value<char *>,boost::arg<2>>>
D:\smartai\boost_1_67_0\boost\asio\handler_invoke_hook.hpp(69): message :         ]
D:\smartai\boost_1_67_0\boost\asio\detail\win_iocp_handle_read_op.hpp(86): message : 查看对正在编译的 类 模板 实例化“boost::asio::detail::binder2<Handler,boost::system::error_code,size_t>”的引用
D:\smartai\boost_1_67_0\boost\asio\detail\win_iocp_handle_read_op.hpp(86): message :         with
D:\smartai\boost_1_67_0\boost\asio\detail\win_iocp_handle_read_op.hpp(86): message :         [
D:\smartai\boost_1_67_0\boost\asio\detail\win_iocp_handle_read_op.hpp(86): message :             Handler=boost::_bi::bind_t<void,boost::_mfi::mf3<void,NS_com_1::ComPort,boost::system::error_code,const char *,int>,boost::_bi::list4<boost::_bi::value<NS_com_1::ComPort *>,boost::arg<1>,boost::_bi::value<char *>,boost::arg<2>>>
D:\smartai\boost_1_67_0\boost\asio\detail\win_iocp_handle_read_op.hpp(86): message :         ]
D:\smartai\boost_1_67_0\boost\asio\detail\win_iocp_handle_read_op.hpp(56): message : 在编译 类 模板 成员函数“void boost::asio::detail::win_iocp_handle_read_op<MutableBufferSequence,Handler>::do_complete(void *,boost::asio::detail::operation *,const boost::system::error_code &,size_t)”时
D:\smartai\boost_1_67_0\boost\asio\detail\win_iocp_handle_read_op.hpp(56): message :         with
D:\smartai\boost_1_67_0\boost\asio\detail\win_iocp_handle_read_op.hpp(56): message :         [
D:\smartai\boost_1_67_0\boost\asio\detail\win_iocp_handle_read_op.hpp(56): message :             MutableBufferSequence=boost::asio::mutable_buffers_1,
D:\smartai\boost_1_67_0\boost\asio\detail\win_iocp_handle_read_op.hpp(56): message :             Handler=boost::_bi::bind_t<void,boost::_mfi::mf3<void,NS_com_1::ComPort,boost::system::error_code,const char *,int>,boost::_bi::list4<boost::_bi::value<NS_com_1::ComPort *>,boost::arg<1>,boost::_bi::value<char *>,boost::arg<2>>>
D:\smartai\boost_1_67_0\boost\asio\detail\win_iocp_handle_read_op.hpp(56): message :         ]
D:\smartai\boost_1_67_0\boost\asio\detail\win_iocp_handle_read_op.hpp(46): message : 查看对正在编译的函数 模板 实例化“void boost::asio::detail::win_iocp_handle_read_op<MutableBufferSequence,Handler>::do_complete(void *,boost::asio::detail::operation *,const boost::system::error_code &,size_t)”的引用
D:\smartai\boost_1_67_0\boost\asio\detail\win_iocp_handle_read_op.hpp(46): message :         with
D:\smartai\boost_1_67_0\boost\asio\detail\win_iocp_handle_read_op.hpp(46): message :         [
D:\smartai\boost_1_67_0\boost\asio\detail\win_iocp_handle_read_op.hpp(46): message :             MutableBufferSequence=boost::asio::mutable_buffers_1,
D:\smartai\boost_1_67_0\boost\asio\detail\win_iocp_handle_read_op.hpp(46): message :             Handler=boost::_bi::bind_t<void,boost::_mfi::mf3<void,NS_com_1::ComPort,boost::system::error_code,const char *,int>,boost::_bi::list4<boost::_bi::value<NS_com_1::ComPort *>,boost::arg<1>,boost::_bi::value<char *>,boost::arg<2>>>
D:\smartai\boost_1_67_0\boost\asio\detail\win_iocp_handle_read_op.hpp(46): message :         ]
D:\smartai\boost_1_67_0\boost\asio\detail\win_iocp_handle_service.hpp(214): message : 查看对正在编译的 类 模板 实例化“boost::asio::detail::win_iocp_handle_read_op<MutableBufferSequence,Handler>”的引用
D:\smartai\boost_1_67_0\boost\asio\detail\win_iocp_handle_service.hpp(214): message :         with
D:\smartai\boost_1_67_0\boost\asio\detail\win_iocp_handle_service.hpp(214): message :         [
D:\smartai\boost_1_67_0\boost\asio\detail\win_iocp_handle_service.hpp(214): message :             MutableBufferSequence=boost::asio::mutable_buffers_1,
D:\smartai\boost_1_67_0\boost\asio\detail\win_iocp_handle_service.hpp(214): message :             Handler=boost::_bi::bind_t<void,boost::_mfi::mf3<void,NS_com_1::ComPort,boost::system::error_code,const char *,int>,boost::_bi::list4<boost::_bi::value<NS_com_1::ComPort *>,boost::arg<1>,boost::_bi::value<char *>,boost::arg<2>>>
D:\smartai\boost_1_67_0\boost\asio\detail\win_iocp_handle_service.hpp(214): message :         ]
D:\smartai\boost_1_67_0\boost\asio\detail\win_iocp_serial_port_service.hpp(176): message : 查看对正在编译的函数 模板 实例化“void boost::asio::detail::win_iocp_handle_service::async_read_some<MutableBufferSequence,Handler>(boost::asio::detail::win_iocp_handle_service::implementation_type &,const MutableBufferSequence &,Handler &)”的引用
D:\smartai\boost_1_67_0\boost\asio\detail\win_iocp_serial_port_service.hpp(176): message :         with
D:\smartai\boost_1_67_0\boost\asio\detail\win_iocp_serial_port_service.hpp(176): message :         [
D:\smartai\boost_1_67_0\boost\asio\detail\win_iocp_serial_port_service.hpp(176): message :             MutableBufferSequence=boost::asio::mutable_buffers_1,
D:\smartai\boost_1_67_0\boost\asio\detail\win_iocp_serial_port_service.hpp(176): message :             Handler=boost::_bi::bind_t<void,boost::_mfi::mf3<void,NS_com_1::ComPort,boost::system::error_code,const char *,int>,boost::_bi::list4<boost::_bi::value<NS_com_1::ComPort *>,boost::arg<1>,boost::_bi::value<char *>,boost::arg<2>>>
D:\smartai\boost_1_67_0\boost\asio\detail\win_iocp_serial_port_service.hpp(176): message :         ]
D:\smartai\boost_1_67_0\boost\asio\serial_port.hpp(752): message : 查看对正在编译的函数 模板 实例化“void boost::asio::detail::win_iocp_serial_port_service::async_read_some<MutableBufferSequence,boost::_bi::bind_t<void,boost::_mfi::mf3<void,NS_com_1::ComPort,boost::system::error_code,const char *,int>,boost::_bi::list4<boost::_bi::value<T>,boost::arg<1>,boost::_bi::value<char*>,boost::arg<2>>>>(boost::asio::detail::win_iocp_serial_port_service::implementation_type &,const MutableBufferSequence &,Handler &)”的引用
D:\smartai\boost_1_67_0\boost\asio\serial_port.hpp(752): message :         with
D:\smartai\boost_1_67_0\boost\asio\serial_port.hpp(752): message :         [
D:\smartai\boost_1_67_0\boost\asio\serial_port.hpp(752): message :             MutableBufferSequence=boost::asio::mutable_buffers_1,
D:\smartai\boost_1_67_0\boost\asio\serial_port.hpp(752): message :             T=NS_com_1::ComPort *,
D:\smartai\boost_1_67_0\boost\asio\serial_port.hpp(752): message :             Handler=boost::_bi::bind_t<void,boost::_mfi::mf3<void,NS_com_1::ComPort,boost::system::error_code,const char *,int>,boost::_bi::list4<boost::_bi::value<NS_com_1::ComPort *>,boost::arg<1>,boost::_bi::value<char *>,boost::arg<2>>>
D:\smartai\boost_1_67_0\boost\asio\serial_port.hpp(752): message :         ]
D:\smartai\source\File\Com\ComPort.cpp(51): message : 查看对正在编译的函数 模板 实例化“void boost::asio::serial_port::async_read_some<boost::asio::mutable_buffers_1,boost::_bi::bind_t<void,boost::_mfi::mf3<void,NS_com_1::ComPort,boost::system::error_code,const char *,int>,boost::_bi::list4<boost::_bi::value<T>,boost::arg<1>,boost::_bi::value<char*>,boost::arg<2>>>>(const MutableBufferSequence &,ReadHandler &&)”的引用
D:\smartai\source\File\Com\ComPort.cpp(51): message :         with
D:\smartai\source\File\Com\ComPort.cpp(51): message :         [
D:\smartai\source\File\Com\ComPort.cpp(51): message :             T=NS_com_1::ComPort *,
D:\smartai\source\File\Com\ComPort.cpp(51): message :             MutableBufferSequence=boost::asio::mutable_buffers_1,
D:\smartai\source\File\Com\ComPort.cpp(51): message :             ReadHandler=boost::_bi::bind_t<void,boost::_mfi::mf3<void,NS_com_1::ComPort,boost::system::error_code,const char *,int>,boost::_bi::list4<boost::_bi::value<NS_com_1::ComPort *>,boost::arg<1>,boost::_bi::value<char *>,boost::arg<2>>>
D:\smartai\source\File\Com\ComPort.cpp(51): message :         ]
D:\smartai\boost_1_67_0\boost\asio\use_future.hpp(138): message : 查看对正在编译的 类 模板 实例化“boost::asio::use_future_t<std::allocator<void>>::std_allocator_void”的引用
D:\smartai\boost_1_67_0\boost\asio\use_future.hpp(146): message : 查看对正在编译的 类 模板 实例化“boost::asio::use_future_t<std::allocator<void>>”的引用
C:\Program Files (x86)\Microsoft Visual Studio\2019\Enterprise\VC\Tools\MSVC\14.23.28105\include\chrono(669): message : 查看对正在编译的 类 模板 实例化“std::chrono::duration<double,std::ratio<1,1>>”的引用
C:\Program Files (x86)\Microsoft Visual Studio\2019\Enterprise\VC\Tools\MSVC\14.23.28105\include\chrono(177): message : 查看对正在编译的 类 模板 实例化“std::chrono::duration<__int64,std::nano>”的引用
C:\Program Files (x86)\Microsoft Visual Studio\2019\Enterprise\VC\Tools\MSVC\14.23.28105\include\chrono(647): message : 查看对正在编译的 类 模板 实例化“std::chrono::time_point<std::chrono::steady_clock,std::chrono::steady_clock::duration>”的引用
D:\smartai\boost_1_67_0\boost\bind\placeholders.hpp(54): message : 查看对正在编译的 类 模板 实例化“boost::arg<9>”的引用
D:\smartai\boost_1_67_0\boost\bind\placeholders.hpp(53): message : 查看对正在编译的 类 模板 实例化“boost::arg<8>”的引用
D:\smartai\boost_1_67_0\boost\bind\placeholders.hpp(52): message : 查看对正在编译的 类 模板 实例化“boost::arg<7>”的引用
D:\smartai\boost_1_67_0\boost\bind\placeholders.hpp(51): message : 查看对正在编译的 类 模板 实例化“boost::arg<6>”的引用
D:\smartai\boost_1_67_0\boost\bind\placeholders.hpp(50): message : 查看对正在编译的 类 模板 实例化“boost::arg<5>”的引用
D:\smartai\boost_1_67_0\boost\bind\placeholders.hpp(49): message : 查看对正在编译的 类 模板 实例化“boost::arg<4>”的引用
D:\smartai\boost_1_67_0\boost\bind\placeholders.hpp(48): message : 查看对正在编译的 类 模板 实例化“boost::arg<3>”的引用
D:\smartai\boost_1_67_0\boost\bind\placeholders.hpp(47): message : 查看对正在编译的 类 模板 实例化“boost::arg<2>”的引用
  Cpu.cpp
D:\smartai\boost_1_67_0\boost\bind\placeholders.hpp(46): message : 查看对正在编译的 类 模板 实例化“boost::arg<1>”的引用
D:\smartai\include\predef.h(27,1): warning C4005: “CALLBACK”: 宏重定义
  FFmpegConverter.cpp
C:\Program Files (x86)\Windows Kits\10\Include\10.0.18362.0\shared\minwindef.h(127): message : 参见“CALLBACK”的前一个定义
D:\smartai\include\predef.h(27,1): warning C4005: “CALLBACK”: 宏重定义
  HikvisionImageConverter.cpp
D:\smartai\include\predef.h(22): message : 参见“CALLBACK”的前一个定义
  MediaConverter.cpp
D:\smartai\source\MediaConverter\Hikvision\HikvisionImageConverter.cpp(6,10): fatal error C1083: 无法打开包括文件: “MediaConverter/FFmpeg/YV12ToBGR24.h”: No such file or directory
D:\smartai\include\predef.h(27,1): warning C4005: “CALLBACK”: 宏重定义
  YV12ToYUV420PConverter.cpp
D:\smartai\include\predef.h(22): message : 参见“CALLBACK”的前一个定义
D:\smartai\include\predef.h(27,1): warning C4005: “CALLBACK”: 宏重定义
  YUV420PToBGR24Converter.cpp
D:\smartai\include\predef.h(22): message : 参见“CALLBACK”的前一个定义
D:\smartai\include\predef.h(27,1): warning C4005: “CALLBACK”: 宏重定义
  MediaDecoder.cpp
D:\smartai\include\predef.h(22): message : 参见“CALLBACK”的前一个定义
D:\smartai\include\predef.h(27,1): warning C4005: “CALLBACK”: 宏重定义
  MediaMixerDecoder.cpp
D:\smartai\include\predef.h(22): message : 参见“CALLBACK”的前一个定义
D:\smartai\include\predef.h(27,1): warning C4005: “CALLBACK”: 宏重定义
  HikvisionSDKDecoder.cpp
D:\smartai\include\predef.h(22): message : 参见“CALLBACK”的前一个定义
D:\smartai\include\predef.h(27,1): warning C4005: “CALLBACK”: 宏重定义
  YV12ToJPEG.cpp
C:\Program Files (x86)\Windows Kits\10\Include\10.0.18362.0\shared\minwindef.h(127): message : 参见“CALLBACK”的前一个定义
D:\smartai\include\predef.h(27,1): warning C4005: “CALLBACK”: 宏重定义
  MediaEncoder.cpp
D:\smartai\include\predef.h(22): message : 参见“CALLBACK”的前一个定义
D:\smartai\include\predef.h(27,1): warning C4005: “CALLBACK”: 宏重定义
  MediaFrame.cpp
D:\smartai\include\predef.h(22): message : 参见“CALLBACK”的前一个定义
D:\smartai\include\predef.h(27,1): warning C4005: “CALLBACK”: 宏重定义
  MQConnector.cpp
D:\smartai\include\predef.h(22): message : 参见“CALLBACK”的前一个定义
D:\smartai\include\predef.h(27,1): warning C4005: “CALLBACK”: 宏重定义
  MQContext.cpp
C:\Program Files (x86)\Windows Kits\10\Include\10.0.18362.0\shared\minwindef.h(127): message : 参见“CALLBACK”的前一个定义
D:\smartai\include\predef.h(27,1): warning C4005: “CALLBACK”: 宏重定义
  MQListener.cpp
C:\Program Files (x86)\Windows Kits\10\Include\10.0.18362.0\shared\minwindef.h(127): message : 参见“CALLBACK”的前一个定义
D:\smartai\include\predef.h(27,1): warning C4005: “CALLBACK”: 宏重定义
  MQReceiver.cpp
C:\Program Files (x86)\Windows Kits\10\Include\10.0.18362.0\shared\minwindef.h(127): message : 参见“CALLBACK”的前一个定义
D:\smartai\include\predef.h(27,1): warning C4005: “CALLBACK”: 宏重定义
  MQSender.cpp
C:\Program Files (x86)\Windows Kits\10\Include\10.0.18362.0\shared\minwindef.h(127): message : 参见“CALLBACK”的前一个定义
D:\smartai\include\predef.h(27,1): warning C4005: “CALLBACK”: 宏重定义
  MQThread.cpp
C:\Program Files (x86)\Windows Kits\10\Include\10.0.18362.0\shared\minwindef.h(127): message : 参见“CALLBACK”的前一个定义
D:\smartai\include\predef.h(27,1): warning C4005: “CALLBACK”: 宏重定义
  MQTransfer.cpp
C:\Program Files (x86)\Windows Kits\10\Include\10.0.18362.0\shared\minwindef.h(127): message : 参见“CALLBACK”的前一个定义
D:\smartai\include\predef.h(27,1): warning C4005: “CALLBACK”: 宏重定义
  正在生成代码...
  正在编译...
  MQModel.cpp
C:\Program Files (x86)\Windows Kits\10\Include\10.0.18362.0\shared\minwindef.h(127): message : 参见“CALLBACK”的前一个定义
D:\smartai\include\predef.h(27,1): warning C4005: “CALLBACK”: 宏重定义
  PublisherModel.cpp
D:\smartai\include\predef.h(22): message : 参见“CALLBACK”的前一个定义
D:\smartai\include\predef.h(27,1): warning C4005: “CALLBACK”: 宏重定义
  TransferModel.cpp
D:\smartai\include\predef.h(22): message : 参见“CALLBACK”的前一个定义
D:\smartai\include\predef.h(27,1): warning C4005: “CALLBACK”: 宏重定义
  WorkerModel.cpp
C:\Program Files (x86)\Windows Kits\10\Include\10.0.18362.0\shared\minwindef.h(127): message : 参见“CALLBACK”的前一个定义
D:\smartai\include\predef.h(27,1): warning C4005: “CALLBACK”: 宏重定义
  AVStream.cpp
C:\Program Files (x86)\Windows Kits\10\Include\10.0.18362.0\shared\minwindef.h(127): message : 参见“CALLBACK”的前一个定义
D:\smartai\include\predef.h(27,1): warning C4005: “CALLBACK”: 宏重定义
  HikvisionLivestream.cpp
D:\smartai\include\predef.h(22): message : 参见“CALLBACK”的前一个定义
D:\smartai\include\predef.h(27,1): warning C4005: “CALLBACK”: 宏重定义
C:\Program Files (x86)\Windows Kits\10\Include\10.0.18362.0\shared\minwindef.h(127): message : 参见“CALLBACK”的前一个定义
D:\smartai\source\Stream\Hikvision\HikvisionLivestream.cpp(46,26): error C2039: “capture”: 不是“NS_stream_1::HikvisionLivestream”的成员
D:\smartai\include\Stream\Hikvision\HikvisionLivestream.h(20): message : 参见“NS_stream_1::HikvisionLivestream”的声明
D:\smartai\source\Stream\Hikvision\HikvisionLivestream.cpp(70,5): error C2039: “livestreamID”: 不是“NS_stream_1::HikvisionLivestream”的成员
D:\smartai\include\Stream\Hikvision\HikvisionLivestream.h(20): message : 参见“NS_stream_1::HikvisionLivestream”的声明
D:\smartai\source\Stream\Hikvision\HikvisionLivestream.cpp(70,81): error C2039: “cameraIndex”: 不是“NS_stream_1::HikvisionLivestream”的成员
D:\smartai\include\Stream\Hikvision\HikvisionLivestream.h(20): message : 参见“NS_stream_1::HikvisionLivestream”的声明
D:\smartai\source\Stream\Hikvision\HikvisionLivestream.cpp(74,39): error C2039: “captureVideoDataNotifiy”: 不是“NS_stream_1::HikvisionLivestream”的成员
  Livestream.cpp
D:\smartai\include\Stream\Hikvision\HikvisionLivestream.h(20): message : 参见“NS_stream_1::HikvisionLivestream”的声明
D:\smartai\include\predef.h(27,1): warning C4005: “CALLBACK”: 宏重定义
  Time.cpp
D:\smartai\include\predef.h(22): message : 参见“CALLBACK”的前一个定义
D:\smartai\include\predef.h(27,1): warning C4005: “CALLBACK”: 宏重定义
  tinyxml2.cpp
  AlarmMessage.cpp
D:\smartai\include\predef.h(22): message : 参见“CALLBACK”的前一个定义
D:\smartai\include\predef.h(27,1): warning C4005: “CALLBACK”: 宏重定义
D:\smartai\include\predef.h(22): message : 参见“CALLBACK”的前一个定义
C:\Program Files (x86)\Windows Kits\10\Include\10.0.18362.0\shared\minwindef.h(127,1): warning C4005: “CALLBACK”: 宏重定义
  AsynchronousServer.cpp
D:\smartai\include\predef.h(27): message : 参见“CALLBACK”的前一个定义
D:\smartai\include\predef.h(27,1): warning C4005: “CALLBACK”: 宏重定义
D:\smartai\include\predef.h(22): message : 参见“CALLBACK”的前一个定义
C:\Program Files (x86)\Windows Kits\10\Include\10.0.18362.0\shared\minwindef.h(127,1): warning C4005: “CALLBACK”: 宏重定义
D:\smartai\include\predef.h(27): message : 参见“CALLBACK”的前一个定义
D:\smartai\devicehost\AsynchronousServer.cpp(165,119): error C2397: 从“unsigned __int64”转换到“int”需要收缩转换
D:\smartai\devicehost\AsynchronousServer.cpp(165,119): error C2397: 从“unsigned __int64”转换到“const int”需要收缩转换
D:\smartai\devicehost\AsynchronousServer.cpp(270,43): error C2065: “faceAlgorithmPtr”: 未声明的标识符
D:\smartai\devicehost\AsynchronousServer.cpp(307,43): error C2065: “faceAlgorithmPtr”: 未声明的标识符
D:\smartai\devicehost\AsynchronousServer.cpp(402,72): error C2065: “livestreams”: 未声明的标识符
D:\smartai\devicehost\AsynchronousServer.cpp(403,6): error C2065: “livestreams”: 未声明的标识符
D:\smartai\devicehost\AsynchronousServer.cpp(410,44): error C2065: “HikvisionNVRDevicePtr”: 未声明的标识符
D:\smartai\devicehost\AsynchronousServer.cpp(410,11): error C2923: “boost::unordered::unordered_map”: 对于参数“T”，“HikvisionNVRDevicePtr”不是有效的 模板 类型变量
D:\smartai\boost_1_67_0\boost\unordered\unordered_map_fwd.hpp(23,37): error C3203: “pair”: 未专用化的 类 模板 不能用作 模板 变量，该变量属于 模板 参数“_Ty”，应为 real 类型
D:\smartai\devicehost\AsynchronousServer.cpp(410,68): error C2955: “boost::unordered::unordered_map”: 使用 类 模板 需要 模板 参数列表
D:\smartai\boost_1_67_0\boost\unordered\unordered_map.hpp(41): message : 参见“boost::unordered::unordered_map”的声明
D:\smartai\devicehost\AsynchronousServer.cpp(410,83): error C2065: “hikvisionNVRDevices”: 未声明的标识符
D:\smartai\devicehost\AsynchronousServer.cpp(411,8): error C2065: “hikvisionNVRDevices”: 未声明的标识符
D:\smartai\devicehost\AsynchronousServer.cpp(413,55): error C2039: “capture”: 不是“NS_stream_1::Livestream”的成员
  devicehost.cpp
D:\smartai\include\Stream\Livestream.h(21): message : 参见“NS_stream_1::Livestream”的声明
D:\smartai\include\predef.h(27,1): warning C4005: “CALLBACK”: 宏重定义
D:\smartai\include\predef.h(22): message : 参见“CALLBACK”的前一个定义
C:\Program Files (x86)\Windows Kits\10\Include\10.0.18362.0\shared\minwindef.h(127,1): warning C4005: “CALLBACK”: 宏重定义
D:\smartai\include\predef.h(27): message : 参见“CALLBACK”的前一个定义
  DigitCameraLivestream.cpp
D:\smartai\devicehost\DigitCameraLivestream.h(13,10): fatal error C1083: 无法打开包括文件: “MediaScaler/FFmpeg/YV12ToBGR24.h”: No such file or directory
D:\smartai\include\predef.h(27,1): warning C4005: “CALLBACK”: 宏重定义
D:\smartai\include\predef.h(22): message : 参见“CALLBACK”的前一个定义
C:\Program Files (x86)\Windows Kits\10\Include\10.0.18362.0\shared\minwindef.h(127,1): warning C4005: “CALLBACK”: 宏重定义
D:\smartai\include\predef.h(27): message : 参见“CALLBACK”的前一个定义
  Hikvision7xxxNVR.cpp
D:\smartai\devicehost\DigitCameraLivestream.h(13,10): fatal error C1083: 无法打开包括文件: “MediaScaler/FFmpeg/YV12ToBGR24.h”: No such file or directory
D:\smartai\include\predef.h(27,1): warning C4005: “CALLBACK”: 宏重定义
D:\smartai\include\predef.h(22): message : 参见“CALLBACK”的前一个定义
C:\Program Files (x86)\Microsoft Visual Studio\2019\Enterprise\VC\Tools\MSVC\14.23.28105\include\vector(476,1): error C2036: “NS_device_1::Camera *const ”: 未知的大小
C:\Program Files (x86)\Microsoft Visual Studio\2019\Enterprise\VC\Tools\MSVC\14.23.28105\include\vector(466): message : 在编译 类 模板 成员函数“std::vector<NS_device_1::Camera,std::allocator<_Ty>>::vector(const std::vector<_Ty,std::allocator<_Ty>> &)”时
C:\Program Files (x86)\Microsoft Visual Studio\2019\Enterprise\VC\Tools\MSVC\14.23.28105\include\vector(466): message :         with
C:\Program Files (x86)\Microsoft Visual Studio\2019\Enterprise\VC\Tools\MSVC\14.23.28105\include\vector(466): message :         [
C:\Program Files (x86)\Microsoft Visual Studio\2019\Enterprise\VC\Tools\MSVC\14.23.28105\include\vector(466): message :             _Ty=NS_device_1::Camera
C:\Program Files (x86)\Microsoft Visual Studio\2019\Enterprise\VC\Tools\MSVC\14.23.28105\include\vector(466): message :         ]
D:\smartai\include\Device\Hikvision\HikvisionNVR.h(35): message : 查看对正在编译的函数 模板 实例化“std::vector<NS_device_1::Camera,std::allocator<_Ty>>::vector(const std::vector<_Ty,std::allocator<_Ty>> &)”的引用
D:\smartai\include\Device\Hikvision\HikvisionNVR.h(35): message :         with
D:\smartai\include\Device\Hikvision\HikvisionNVR.h(35): message :         [
D:\smartai\include\Device\Hikvision\HikvisionNVR.h(35): message :             _Ty=NS_device_1::Camera
D:\smartai\include\Device\Hikvision\HikvisionNVR.h(35): message :         ]
  正在生成代码...
D:\smartai\include\Device\Hikvision\HikvisionNVR.h(43): message : 查看对正在编译的 类 模板 实例化“std::vector<NS_device_1::Camera,std::allocator<_Ty>>”的引用
D:\smartai\include\Device\Hikvision\HikvisionNVR.h(43): message :         with
D:\smartai\include\Device\Hikvision\HikvisionNVR.h(43): message :         [
D:\smartai\include\Device\Hikvision\HikvisionNVR.h(43): message :             _Ty=NS_device_1::Camera
D:\smartai\include\Device\Hikvision\HikvisionNVR.h(43): message :         ]
